\BOOKMARK [1][]{section*.2}{\332vod}{}% 1
\BOOKMARK [1][]{section.3}{Technol\363gia Internet of Things}{}% 2
\BOOKMARK [2][]{subsection.4}{Vznik pojmu Internet of Things}{section.3}% 3
\BOOKMARK [2][]{subsection.5}{Vyu\236itelnost}{section.3}% 4
\BOOKMARK [2][]{subsection.6}{Hist\363ria}{section.3}% 5
\BOOKMARK [2][]{subsection.7}{Protokoly komunik\341cie}{section.3}% 6
\BOOKMARK [3][]{subsubsection.8}{Hypertext Transfer Protocol}{subsection.7}% 7
\BOOKMARK [2][]{subsection.11}{Senzory}{section.3}% 8
\BOOKMARK [2][]{subsection.12}{Akcn\351 cleny}{section.3}% 9
\BOOKMARK [2][]{subsection.13}{Pripojenie}{section.3}% 10
\BOOKMARK [3][]{subsubsection.14}{Lok\341lne pripojenie}{subsection.13}% 11
\BOOKMARK [3][]{subsubsection.15}{Pripojenie do siete Internet}{subsection.13}% 12
\BOOKMARK [2][]{subsection.16}{Agreg\341tory}{section.3}% 13
\BOOKMARK [3][]{subsubsection.17}{Riadiace aplik\341cie}{subsection.16}% 14
\BOOKMARK [2][]{subsection.18}{Middleware}{section.3}% 15
\BOOKMARK [3][]{subsubsection.19}{Po\236iadavky}{subsection.18}% 16
\BOOKMARK [1][]{section*.20}{Z\341ver}{}% 17
\BOOKMARK [1][]{section*.21}{Zoznam pou\236itej literat\372ry}{}% 18
\BOOKMARK [1][]{section*.22}{Pr\355lohy}{}% 19
\BOOKMARK [1][]{section.24}{ \227trukt\372ra elektronick\351ho nosica}{}% 20
\BOOKMARK [1][]{section.27}{ Algoritmus}{}% 21
